140      1272
195      1428
252      1996
307      2586
364      3464
420      4420
476      5260
532      6430
588      7692
644      8704
699     10226
755     11670
812     13190
865     14834
924     16738
979     18362
1036     20660
1092     22776
1148     24848
1204     27168
1260     29930
1316     32258
1370     35172
1422     37534
1482     40390
1537     43990
1589     46946
1652     50438
1703     52902
1764     56646
1820     59892
1876     63248
1932     66872
1988     72596
2042     74662
2100     78512
2156     82944
2211     87444
2268     92170
2324     95534
2380    100484
2435    105024
2491    109460
2546    114154
2603    118946
2660    124110
2716    129300
2771    134274
2828    139594
2883    145234
2939    150332
2996    155750
3048    161718
3108    167492
3162    173882
3219    179766
3276    185560
3330    191826
3388    197822
3442    204176
3500    210682
3556    217236
3612    223484
3666    230714
3724    237744
3779    244080
3835    250970
3890    257914
3947    265162
4001    272128
4060    279108
4116    287606
4171    294716
4227    302806
4284    310260
4340    318564
4395    326164
4443    334034
4508    342108
4561    351810
4618    358828
4675    367332
4732    376140
4787    384172
4841    393308
4899    402036
4955    411286
5010    420290
5067    429688
5124    438810
5180    448130
5235    457264
5290    467390
5348    476586
5404    486120
5459    496512
5516    506624
5569    516346
5628    526604
5684    536544
5740    546936
5796    557284
5852    568106
5907    578824
5963    589204
6019    600176
6076    610564
6127    621972
6188    633564
6244    644730
6300    655288
6354    667402
6412    678824
6467    690594
6522    702718
6580    714148
6636    725608
6690    737834
6747    750100
6804    762202
6860    774184
6916    787298
6971    798734
7028    811162
7083    824570
7139    837738
7196   2579488
7245   2626714
7308   2643582
7364   2698746
7416   2734106
7476   2773372
7530   2816738
7588   2859204
7643   2938596
7698   2919716
7754   2988542
7812   3026520
7867   3058304
7924   3115790
7977   3161450
8035   3203138
8092   3244056
