139       806
195      1212
252      1604
307      2260
364      2892
420      3308
476      4152
532      4814
588      5754
644      6684
700      7226
756      8324
808      9092
866     10068
924     11204
976     12918
1036     13656
1092     15248
1148     15956
1204     17270
1260     19894
1316     20516
1370     21864
1428     25554
1483     26138
1540     27086
1596     29246
1652     32210
1707     32704
1764     35142
1820     39050
1876     39256
1931     41574
1985     45070
2044     46352
2099     48114
2155     51332
2212     53268
2267     55890
2324     59054
2380     60206
2434     63540
2491     66084
2547     68590
2604     74332
2660     74784
2715     77974
2772     79924
2826     82914
2884     87210
2929     89076
2996     92480
3052     96814
3108     99990
3162    102550
3219    105396
3276    109284
3332    113752
3387    116628
3444    120782
3500    122938
3556    127940
3612    303656
3667    312212
3724    324376
3779    329204
3833    340910
3892    353850
3943    362348
4003    367780
4056    380448
4114    393616
4172    404104
4227    415148
4284    409770
4339    436648
4394    442970
4451    463096
4507    472056
4564    485780
4616    496286
4675    507612
4732    519524
4788    536768
4843    542754
4899    553090
4956    571986
5012    586340
5068    599606
5124    613670
5179    624256
5235    636266
5292    655518
5348    668142
5403    677266
5460    696040
5516    712772
5570    723942
5628    739052
5684    755350
5739    769962
5790    775258
5851    790128
5908    814536
5962    827278
6018    844510
6076    851606
6130    865748
6188    894752
6244    900474
6300    928174
6356    928440
6410    957758
6468    981134
6524    994088
6580   1011124
6636   1027178
6692   1045466
6747   1056910
6804   1083784
6860   1104706
6915   1116450
6972   1137894
7028   1154670
7084   1158064
7138   1188734
7196   1214218
7249   1226822
7307   1247528
7363   1255338
7420   1291104
7475   1297940
7532   1324994
7587   1340274
7644   1342596
7698   1381418
7756   1382904
7812   1432588
7867   1443632
7922   1465092
7979   1496804
8036   1520142
8092   1539566
